{
  "stats": {
    "suites": 1,
    "tests": 1,
    "passes": 1,
    "pending": 0,
    "failures": 0,
    "start": "2025-12-27T02:52:07.530Z",
    "end": "2025-12-27T02:52:23.651Z",
    "duration": 16121,
    "testsRegistered": 1,
    "passPercent": 100,
    "pendingPercent": 0,
    "other": 0,
    "hasOther": false,
    "skipped": 0,
    "hasSkipped": false
  },
  "results": [
    {
      "uuid": "8fb3ed38-19a2-4ffd-bb02-fe98a129508d",
      "title": "",
      "fullFile": "cypress\\e2e\\Case 5.cy.js",
      "file": "cypress\\e2e\\Case 5.cy.js",
      "beforeHooks": [],
      "afterHooks": [],
      "tests": [],
      "suites": [
        {
          "uuid": "9791c055-b953-48b2-ae12-4b111383a02d",
          "title": "Case 5",
          "fullFile": "",
          "file": "",
          "beforeHooks": [],
          "afterHooks": [],
          "tests": [
            {
              "title": "Chờ task hoàn tất không dùng wait(ms)",
              "fullTitle": "Case 5 Chờ task hoàn tất không dùng wait(ms)",
              "timedOut": null,
              "duration": 8453,
              "state": "passed",
              "speed": "medium",
              "pass": true,
              "fail": false,
              "pending": false,
              "context": null,
              "code": "cy.intercept('/slow', req => {\n  // cho phép Cypress bắt và chờ request này\n}).as('slowRequest');\ncy.visit('https://practice.expandtesting.com/slow');\n// Chờ tới khi request hoàn tất (retry không cần wait(ms))\ncy.wait('@slowRequest').its('response.statusCode').should('eq', 200);",
              "err": {},
              "uuid": "7eb78d65-1860-47ec-a89c-246f7f6093d4",
              "parentUUID": "9791c055-b953-48b2-ae12-4b111383a02d",
              "isHook": false,
              "skipped": false
            }
          ],
          "suites": [],
          "passes": [
            "7eb78d65-1860-47ec-a89c-246f7f6093d4"
          ],
          "failures": [],
          "pending": [],
          "skipped": [],
          "duration": 8453,
          "root": false,
          "rootEmpty": false,
          "_timeout": 2000
        }
      ],
      "passes": [],
      "failures": [],
      "pending": [],
      "skipped": [],
      "duration": 0,
      "root": true,
      "rootEmpty": true,
      "_timeout": 2000
    }
  ],
  "meta": {
    "mocha": {
      "version": "7.2.0"
    },
    "mochawesome": {
      "options": {
        "quiet": false,
        "reportFilename": "mochawesome",
        "saveHtml": false,
        "saveJson": true,
        "consoleReporter": "spec",
        "useInlineDiffs": false,
        "code": true
      },
      "version": "7.1.4"
    },
    "marge": {
      "options": {
        "reportDir": "cypress\\reports\\.jsons",
        "overwrite": false,
        "html": false,
        "json": true
      },
      "version": "6.3.2"
    }
  }
}