{
  "stats": {
    "suites": 1,
    "tests": 1,
    "passes": 1,
    "pending": 0,
    "failures": 0,
    "start": "2025-12-27T02:52:35.897Z",
    "end": "2025-12-27T02:52:49.580Z",
    "duration": 13683,
    "testsRegistered": 1,
    "passPercent": 100,
    "pendingPercent": 0,
    "other": 0,
    "hasOther": false,
    "skipped": 0,
    "hasSkipped": false
  },
  "results": [
    {
      "uuid": "7e4b5c76-1234-4ad0-80b9-2039c76c2e15",
      "title": "",
      "fullFile": "cypress\\e2e\\Case 6.cy.js",
      "file": "cypress\\e2e\\Case 6.cy.js",
      "beforeHooks": [],
      "afterHooks": [],
      "tests": [],
      "suites": [
        {
          "uuid": "669d00a3-71e4-43d2-b5a7-96e9ce1ca93d",
          "title": "Case 6",
          "fullFile": "",
          "file": "",
          "beforeHooks": [],
          "afterHooks": [],
          "tests": [
            {
              "title": "Tìm tới phần tử có text là 48.48 trong bảng",
              "fullTitle": "Case 6 Tìm tới phần tử có text là 48.48 trong bảng",
              "timedOut": null,
              "duration": 7307,
              "state": "passed",
              "speed": "medium",
              "pass": true,
              "fail": false,
              "pending": false,
              "context": null,
              "code": "cy.visit('https://practice.expandtesting.com/large');\ncy.contains('td', '48.48').should('exist');",
              "err": {},
              "uuid": "097ebbdb-c8ed-4701-8d07-405670631e9f",
              "parentUUID": "669d00a3-71e4-43d2-b5a7-96e9ce1ca93d",
              "isHook": false,
              "skipped": false
            }
          ],
          "suites": [],
          "passes": [
            "097ebbdb-c8ed-4701-8d07-405670631e9f"
          ],
          "failures": [],
          "pending": [],
          "skipped": [],
          "duration": 7307,
          "root": false,
          "rootEmpty": false,
          "_timeout": 2000
        }
      ],
      "passes": [],
      "failures": [],
      "pending": [],
      "skipped": [],
      "duration": 0,
      "root": true,
      "rootEmpty": true,
      "_timeout": 2000
    }
  ],
  "meta": {
    "mocha": {
      "version": "7.2.0"
    },
    "mochawesome": {
      "options": {
        "quiet": false,
        "reportFilename": "mochawesome",
        "saveHtml": false,
        "saveJson": true,
        "consoleReporter": "spec",
        "useInlineDiffs": false,
        "code": true
      },
      "version": "7.1.4"
    },
    "marge": {
      "options": {
        "reportDir": "cypress\\reports\\.jsons",
        "overwrite": false,
        "html": false,
        "json": true
      },
      "version": "6.3.2"
    }
  }
}