{
  "stats": {
    "suites": 1,
    "tests": 9,
    "passes": 9,
    "pending": 0,
    "failures": 0,
    "start": "2025-12-27T02:51:00.065Z",
    "end": "2025-12-27T02:51:54.552Z",
    "duration": 54487,
    "testsRegistered": 9,
    "passPercent": 100,
    "pendingPercent": 0,
    "other": 0,
    "hasOther": false,
    "skipped": 0,
    "hasSkipped": false
  },
  "results": [
    {
      "uuid": "28ef72d2-ad1b-4ed6-98b6-bf8db452efbe",
      "title": "",
      "fullFile": "cypress\\e2e\\Case 2.cy.js",
      "file": "cypress\\e2e\\Case 2.cy.js",
      "beforeHooks": [],
      "afterHooks": [],
      "tests": [],
      "suites": [
        {
          "uuid": "f1094e6e-1e8c-43d2-be0f-d25414ea1360",
          "title": "CB_2 Truy vấn các element thông qua các dạng locator",
          "fullFile": "",
          "file": "",
          "beforeHooks": [],
          "afterHooks": [],
          "tests": [
            {
              "title": "1. getByRole: Ở phần getByRole: tìm nút \"Contact\" bằng thuộc tính role",
              "fullTitle": "CB_2 Truy vấn các element thông qua các dạng locator 1. getByRole: Ở phần getByRole: tìm nút \"Contact\" bằng thuộc tính role",
              "timedOut": null,
              "duration": 5356,
              "state": "passed",
              "speed": "medium",
              "pass": true,
              "fail": false,
              "pending": false,
              "context": null,
              "code": "cy.get('[role=\"link\"]').contains(/contact/i).should(\"be.visible\");",
              "err": {},
              "uuid": "d6365006-1a7d-4f96-af0c-59bdc71b77c2",
              "parentUUID": "f1094e6e-1e8c-43d2-be0f-d25414ea1360",
              "isHook": false,
              "skipped": false
            },
            {
              "title": "2. getByText: Tìm phần tử chứa text “Hot Deal: Buy 1 Get 1 Free” ",
              "fullTitle": "CB_2 Truy vấn các element thông qua các dạng locator 2. getByText: Tìm phần tử chứa text “Hot Deal: Buy 1 Get 1 Free” ",
              "timedOut": null,
              "duration": 4278,
              "state": "passed",
              "speed": "fast",
              "pass": true,
              "fail": false,
              "pending": false,
              "context": null,
              "code": "cy.findByText(\"🔥 Hot Deal: Buy 1 Get 1 Free\").should(\"be.visible\");",
              "err": {},
              "uuid": "820a3b93-b0fd-4f81-bdf1-30ff38547649",
              "parentUUID": "f1094e6e-1e8c-43d2-be0f-d25414ea1360",
              "isHook": false,
              "skipped": false
            },
            {
              "title": "3.Tìm 2 input theo label",
              "fullTitle": "CB_2 Truy vấn các element thông qua các dạng locator 3.Tìm 2 input theo label",
              "timedOut": null,
              "duration": 5323,
              "state": "passed",
              "speed": "medium",
              "pass": true,
              "fail": false,
              "pending": false,
              "context": null,
              "code": "cy.findByLabelText('Choose a country').should(\"be.visible\");\ncy.findByLabelText('Email for newsletter').should(\"be.visible\");",
              "err": {},
              "uuid": "c89c9f2b-b4cf-4705-a361-ae74745a9324",
              "parentUUID": "f1094e6e-1e8c-43d2-be0f-d25414ea1360",
              "isHook": false,
              "skipped": false
            },
            {
              "title": "4. getByPlaceHolder: Tìm input có placeholder là \"Search the site\"",
              "fullTitle": "CB_2 Truy vấn các element thông qua các dạng locator 4. getByPlaceHolder: Tìm input có placeholder là \"Search the site\"",
              "timedOut": null,
              "duration": 3191,
              "state": "passed",
              "speed": "fast",
              "pass": true,
              "fail": false,
              "pending": false,
              "context": null,
              "code": "cy.findByPlaceholderText(\"Search the site\").should(\"be.visible\");\ncy.get('[placeholder=\"Search the site\"]').should(\"be.visible\");",
              "err": {},
              "uuid": "7acb7b6d-af57-42f5-8f0b-202e3eeaea69",
              "parentUUID": "f1094e6e-1e8c-43d2-be0f-d25414ea1360",
              "isHook": false,
              "skipped": false
            },
            {
              "title": "5. getByAltText: Tìm phần tử ảnh có mô tả là \"User avatar\"",
              "fullTitle": "CB_2 Truy vấn các element thông qua các dạng locator 5. getByAltText: Tìm phần tử ảnh có mô tả là \"User avatar\"",
              "timedOut": null,
              "duration": 4403,
              "state": "passed",
              "speed": "fast",
              "pass": true,
              "fail": false,
              "pending": false,
              "context": null,
              "code": "cy.findByAltText(\"User avatar\").should(\"be.visible\");\ncy.get('[alt=\"User avatar\"]').should(\"be.visible\");",
              "err": {},
              "uuid": "b1353e8d-c830-4d3d-b2f5-67f29f760b71",
              "parentUUID": "f1094e6e-1e8c-43d2-be0f-d25414ea1360",
              "isHook": false,
              "skipped": false
            },
            {
              "title": "6. getByTitle: Tìm phần tử có tooltip là \"Settings panel\"",
              "fullTitle": "CB_2 Truy vấn các element thông qua các dạng locator 6. getByTitle: Tìm phần tử có tooltip là \"Settings panel\"",
              "timedOut": null,
              "duration": 3623,
              "state": "passed",
              "speed": "fast",
              "pass": true,
              "fail": false,
              "pending": false,
              "context": null,
              "code": "cy.findByTitle(\"Settings panel\").should(\"be.visible\");\ncy.get('[title=\"Settings panel\"]').should(\"be.visible\");",
              "err": {},
              "uuid": "a149351b-0e97-47c0-b42f-5dcb4db8154c",
              "parentUUID": "f1094e6e-1e8c-43d2-be0f-d25414ea1360",
              "isHook": false,
              "skipped": false
            },
            {
              "title": "7. getByTestId: Tìm phần tử có thuộc tính data-testid là \"status-message\" và \"user-name\"",
              "fullTitle": "CB_2 Truy vấn các element thông qua các dạng locator 7. getByTestId: Tìm phần tử có thuộc tính data-testid là \"status-message\" và \"user-name\"",
              "timedOut": null,
              "duration": 5145,
              "state": "passed",
              "speed": "medium",
              "pass": true,
              "fail": false,
              "pending": false,
              "context": null,
              "code": "cy.findByTestId(\"status-message\").should(\"be.visible\");\ncy.get('[data-testid=\"status-message\"]').should(\"be.visible\");\ncy.findByTestId(\"user-name\").should(\"be.visible\");\ncy.get('[data-testid=\"user-name\"]').should(\"be.visible\");",
              "err": {},
              "uuid": "71b17a05-1a11-46a0-a79e-c2a270b17a7f",
              "parentUUID": "f1094e6e-1e8c-43d2-be0f-d25414ea1360",
              "isHook": false,
              "skipped": false
            },
            {
              "title": "8. Tìm phần tử có Legacy class .legacy-target",
              "fullTitle": "CB_2 Truy vấn các element thông qua các dạng locator 8. Tìm phần tử có Legacy class .legacy-target",
              "timedOut": null,
              "duration": 5743,
              "state": "passed",
              "speed": "medium",
              "pass": true,
              "fail": false,
              "pending": false,
              "context": null,
              "code": "cy.get('.legacy-css').should('be.visible');",
              "err": {},
              "uuid": "13a9eced-7b04-47d3-b474-7e91f7405353",
              "parentUUID": "f1094e6e-1e8c-43d2-be0f-d25414ea1360",
              "isHook": false,
              "skipped": false
            },
            {
              "title": "9. Tìm phần tử theo XPath – List: Sử dụng XPath đếm số <li> trong #tasks (kỳ vọng 3).",
              "fullTitle": "CB_2 Truy vấn các element thông qua các dạng locator 9. Tìm phần tử theo XPath – List: Sử dụng XPath đếm số <li> trong #tasks (kỳ vọng 3).",
              "timedOut": null,
              "duration": 5672,
              "state": "passed",
              "speed": "medium",
              "pass": true,
              "fail": false,
              "pending": false,
              "context": null,
              "code": "cy.xpath('//ul[contains(@class, \"legacy-list\")]/li').should(\"have.length\", 3);",
              "err": {},
              "uuid": "7f27aa41-5e34-4c3b-8d35-c55a509c8fe2",
              "parentUUID": "f1094e6e-1e8c-43d2-be0f-d25414ea1360",
              "isHook": false,
              "skipped": false
            }
          ],
          "suites": [],
          "passes": [
            "d6365006-1a7d-4f96-af0c-59bdc71b77c2",
            "820a3b93-b0fd-4f81-bdf1-30ff38547649",
            "c89c9f2b-b4cf-4705-a361-ae74745a9324",
            "7acb7b6d-af57-42f5-8f0b-202e3eeaea69",
            "b1353e8d-c830-4d3d-b2f5-67f29f760b71",
            "a149351b-0e97-47c0-b42f-5dcb4db8154c",
            "71b17a05-1a11-46a0-a79e-c2a270b17a7f",
            "13a9eced-7b04-47d3-b474-7e91f7405353",
            "7f27aa41-5e34-4c3b-8d35-c55a509c8fe2"
          ],
          "failures": [],
          "pending": [],
          "skipped": [],
          "duration": 42734,
          "root": false,
          "rootEmpty": false,
          "_timeout": 2000
        }
      ],
      "passes": [],
      "failures": [],
      "pending": [],
      "skipped": [],
      "duration": 0,
      "root": true,
      "rootEmpty": true,
      "_timeout": 2000
    }
  ],
  "meta": {
    "mocha": {
      "version": "7.2.0"
    },
    "mochawesome": {
      "options": {
        "quiet": false,
        "reportFilename": "mochawesome",
        "saveHtml": false,
        "saveJson": true,
        "consoleReporter": "spec",
        "useInlineDiffs": false,
        "code": true
      },
      "version": "7.1.4"
    },
    "marge": {
      "options": {
        "reportDir": "cypress\\reports\\.jsons",
        "overwrite": false,
        "html": false,
        "json": true
      },
      "version": "6.3.2"
    }
  }
}