{
  "stats": {
    "suites": 2,
    "tests": 2,
    "passes": 2,
    "pending": 0,
    "failures": 0,
    "start": "2025-12-27T02:54:54.054Z",
    "end": "2025-12-27T02:55:03.711Z",
    "duration": 9657,
    "testsRegistered": 1,
    "passPercent": 200,
    "pendingPercent": 0,
    "other": 0,
    "hasOther": false,
    "skipped": 0,
    "hasSkipped": false
  },
  "results": [
    {
      "uuid": "69b24bde-2da4-4958-8c76-7aaeff8f8c2d",
      "title": "",
      "fullFile": "cypress\\e2e\\Case 8.cy.js",
      "file": "cypress\\e2e\\Case 8.cy.js",
      "beforeHooks": [],
      "afterHooks": [],
      "tests": [],
      "suites": [
        {
          "uuid": "821c09cc-e2a3-44a4-af22-35e4dae360dc",
          "title": "Case 8",
          "fullFile": "",
          "file": "",
          "beforeHooks": [],
          "afterHooks": [],
          "tests": [
            {
              "title": "Lấy được danh sách các giá trị của bảng bên dưới*) Yêu cầu sử dụng mảng đối tượng",
              "fullTitle": "Case 8 Lấy được danh sách các giá trị của bảng bên dưới*) Yêu cầu sử dụng mảng đối tượng",
              "timedOut": null,
              "duration": 4641,
              "state": "passed",
              "speed": "fast",
              "pass": true,
              "fail": false,
              "pending": false,
              "context": null,
              "code": "// 1. Truy cập trang\ncy.visit('https://practice.expandtesting.com/challenging-dom');",
              "err": {},
              "uuid": "05e829b8-d3b3-450e-a7be-ea75f37c73a2",
              "parentUUID": "821c09cc-e2a3-44a4-af22-35e4dae360dc",
              "isHook": false,
              "skipped": false
            }
          ],
          "suites": [],
          "passes": [
            "05e829b8-d3b3-450e-a7be-ea75f37c73a2"
          ],
          "failures": [],
          "pending": [],
          "skipped": [],
          "duration": 4641,
          "root": false,
          "rootEmpty": false,
          "_timeout": 2000
        }
      ],
      "passes": [],
      "failures": [],
      "pending": [],
      "skipped": [],
      "duration": 0,
      "root": true,
      "rootEmpty": true,
      "_timeout": 2000
    }
  ],
  "meta": {
    "mocha": {
      "version": "7.2.0"
    },
    "mochawesome": {
      "options": {
        "quiet": false,
        "reportFilename": "mochawesome",
        "saveHtml": false,
        "saveJson": true,
        "consoleReporter": "spec",
        "useInlineDiffs": false,
        "code": true
      },
      "version": "7.1.4"
    },
    "marge": {
      "options": {
        "reportDir": "cypress\\reports\\.jsons",
        "overwrite": false,
        "html": false,
        "json": true
      },
      "version": "6.3.2"
    }
  }
}