{
  "stats": {
    "suites": 1,
    "tests": 1,
    "passes": 1,
    "pending": 0,
    "failures": 0,
    "start": "2025-12-27T02:53:06.305Z",
    "end": "2025-12-27T02:53:19.110Z",
    "duration": 12805,
    "testsRegistered": 1,
    "passPercent": 100,
    "pendingPercent": 0,
    "other": 0,
    "hasOther": false,
    "skipped": 0,
    "hasSkipped": false
  },
  "results": [
    {
      "uuid": "f2e2feb7-a910-4b7d-8a83-d294c710736e",
      "title": "",
      "fullFile": "cypress\\e2e\\Case 7.cy.js",
      "file": "cypress\\e2e\\Case 7.cy.js",
      "beforeHooks": [],
      "afterHooks": [],
      "tests": [],
      "suites": [
        {
          "uuid": "14e8f99d-cab5-4d46-8c5d-6721bb5473b0",
          "title": "Case 7",
          "fullFile": "",
          "file": "",
          "beforeHooks": [],
          "afterHooks": [],
          "tests": [
            {
              "title": "Trigger alert OK from shadow DOM button",
              "fullTitle": "Case 7 Trigger alert OK from shadow DOM button",
              "timedOut": null,
              "duration": 6523,
              "state": "passed",
              "speed": "medium",
              "pass": true,
              "fail": false,
              "pending": false,
              "context": null,
              "code": "cy.visit('https://practice.expandtesting.com/shadowdom');\n// 1 Stub alert để khỏi bật popup thật\ncy.window().then(win => {\n  cy.stub(win, 'alert').as('alert');\n  // 2 Tương đương chạy ở console: $(\"#my-btn\").on(\"click\", () => {alert(\"OK\");});\n  // (dùng JS thuần cho chắc, vì jQuery có thể không truy cập được shadow)\n  const host = win.document.querySelector('#shadow-host'); // chỉnh lại đúng selector host\n  const root = host.shadowRoot;\n  const btn = root.querySelector('#my-btn');\n  btn.addEventListener('click', () => win.alert('OK'));\n});\n// 3 Click nút \"This button is inside a Shadow DOM.\"\ncy.get('#shadow-host').shadow().contains('button', 'This button is inside a Shadow DOM.').click();\n// 4 Xác minh alert hiển thị \"OK\"\ncy.get('@alert').should('have.been.calledWith', 'OK');",
              "err": {},
              "uuid": "b9f10729-135e-440b-a042-ca46d17ccc1a",
              "parentUUID": "14e8f99d-cab5-4d46-8c5d-6721bb5473b0",
              "isHook": false,
              "skipped": false
            }
          ],
          "suites": [],
          "passes": [
            "b9f10729-135e-440b-a042-ca46d17ccc1a"
          ],
          "failures": [],
          "pending": [],
          "skipped": [],
          "duration": 6523,
          "root": false,
          "rootEmpty": false,
          "_timeout": 2000
        }
      ],
      "passes": [],
      "failures": [],
      "pending": [],
      "skipped": [],
      "duration": 0,
      "root": true,
      "rootEmpty": true,
      "_timeout": 2000
    }
  ],
  "meta": {
    "mocha": {
      "version": "7.2.0"
    },
    "mochawesome": {
      "options": {
        "quiet": false,
        "reportFilename": "mochawesome",
        "saveHtml": false,
        "saveJson": true,
        "consoleReporter": "spec",
        "useInlineDiffs": false,
        "code": true
      },
      "version": "7.1.4"
    },
    "marge": {
      "options": {
        "reportDir": "cypress\\reports\\.jsons",
        "overwrite": false,
        "html": false,
        "json": true
      },
      "version": "6.3.2"
    }
  }
}